<?xml version="1.0" encoding="UTF-8"?>
<!-- Generated by org.testng.reporters.JUnitXMLReporter -->
<testsuite ignored="0" hostname="SRINIVAS-G2005" failures="0" tests="5" name="Surefire test" time="2.5" errors="0" timestamp="2025-01-31T19:36:24 IST">
  <testcase classname="testBase.TestCaseBaseClass" name="@BeforeClass setup" time="-1.738332381765E9">
    <failure type="org.testng.TestNGException" message="
Parameter &amp;apos;os&amp;apos; is required by BeforeClass on method setup but has not been marked @Optional or defined
">
      <![CDATA[org.testng.TestNGException: 
Parameter 'os' is required by BeforeClass on method setup but has not been marked @Optional or defined

at java.base/java.util.ArrayList.forEach(ArrayList.java:1596)
... Removed 27 stack frames]]>
    </failure>
  </testcase> <!-- @BeforeClass setup -->
  <testcase classname="testBase.TestCaseBaseClass" name="@AfterClass tearDown" time="0.0">
    <skipped/>
  </testcase> <!-- @AfterClass tearDown -->
  <testcase classname="testCases.SIgnIN_DataDrivenTestCase" name="signIn_DataDriven" time="0.0">
    <skipped/>
  </testcase> <!-- signIn_DataDriven -->
  <testcase classname="testCases.SIgnIN_DataDrivenTestCase" name="signIn_DataDriven" time="0.0">
    <skipped/>
  </testcase> <!-- signIn_DataDriven -->
  <testcase classname="testCases.SIgnIN_DataDrivenTestCase" name="signIn_DataDriven" time="0.0">
    <skipped/>
  </testcase> <!-- signIn_DataDriven -->
  <testcase classname="testCases.SIgnIN_DataDrivenTestCase" name="signIn_DataDriven" time="0.0">
    <skipped/>
  </testcase> <!-- signIn_DataDriven -->
  <testcase classname="testCases.SIgnIN_DataDrivenTestCase" name="signIn_DataDriven" time="0.001">
    <skipped/>
  </testcase> <!-- signIn_DataDriven -->
</testsuite> <!-- Surefire test -->
